[Sunday/October 05/10/2025 16:29:22] "We invented the first electric skateboard that rides like a real one" | https://www.youtube.com/watch?v=4bh_GxznaDg | length=179.121 | time=8.2
[Sunday/October 05/10/2025 16:30:15] "We invented the first electric skateboard that rides like a real one" | https://www.youtube.com/watch?v=4bh_GxznaDg | length=179.121 | time=23.88
[Wednesday/October 08/10/2025 20:44:44] "We invented the first electric skateboard that rides like a real one" | https://www.youtube.com/watch?v=4bh_GxznaDg | length=179.121 | time=9.5
[Monday/October 13/10/2025 16:04:29] /home/shani/Videos/OBS/2025-10-13 16-03-29.mp4 | length=17.133333333333 | time=17.133333333333
[Monday/October 13/10/2025 16:04:56] /home/shani/Videos/OBS/2025-10-13 16-04-35.mp4 | length=6.5706666666667 | time=6.6
[Monday/October 13/10/2025 16:06:43] /home/shani/Videos/OBS/2025-10-13 16-05-28.mp4 | length=42.583333333333 | time=33.8
[Monday/October 13/10/2025 16:08:21] /home/shani/Videos/OBS/2025-10-13 16-07-59.mp4 | length=11.266666666667 | time=6.1166666666667
[Wednesday/October 15/10/2025 12:37:59] /home/shani/Videos/OBS/Xx_mafane4ka_xX.mp4 | length=2512.05 | time=7.9166666666667
[Wednesday/October 15/10/2025 12:38:13] /home/shani/Videos/OBS/Xx_mafane4ka_xX.mp4 | length=2512.05 | time=10.766666666667
[Wednesday/October 15/10/2025 12:47:51] /home/shani/Videos/OBS/Xx_mafane4ka_xX.mp4 | length=2512.05 | time=2203.2833333333
[Wednesday/October 15/10/2025 15:56:55] /home/shani/Videos/OBS/domicas0000.mp4 | length=2343.104 | time=2147.55
[Wednesday/October 15/10/2025 19:40:47] /home/shani/Videos/OBS/15.10/Xx_mafane4ka_xX.mp4 | length=2512.05 | time=270.21666666667
[Thursday/October 16/10/2025 17:18:06] /home/shani/Videos/OBS/2025-10-16 17-17-17.mp4 | length=22.656 | time=22.666666666667
[Thursday/October 16/10/2025 17:18:06] /home/shani/Videos/OBS/2025-10-16 17-17-17.mp4 | length=22.656 | time=0
[Thursday/October 16/10/2025 17:18:20] /home/shani/Videos/OBS/2025-10-16 17-18-10.mp4 | length=3.6693333333333 | time=3.6666666666667
[Thursday/October 16/10/2025 17:18:20] /home/shani/Videos/OBS/2025-10-16 17-18-10.mp4 | length=3.6693333333333 | time=0
[Thursday/October 16/10/2025 17:18:21] /home/shani/Videos/OBS/8.10/lohara.mp4 | length=554.81666666667 | time=1.3833333333333
[Thursday/October 16/10/2025 17:19:34] /home/shani/Videos/OBS/2025-10-16 17-19-25.mp4 | length=2.6666666666667 | time=2.6666666666667
[Thursday/October 16/10/2025 17:19:34] /home/shani/Videos/OBS/2025-10-16 17-19-25.mp4 | length=2.6666666666667 | time=0
[Thursday/October 16/10/2025 17:19:36] /home/shani/Videos/OBS/8.10/lohara.mp4 | length=554.81666666667 | time=2.0666666666667
[Friday/October 17/10/2025 19:24:25] /home/shani/Videos/OBS/Whzxcwh.mp4 | length=385.2 | time=342.7
[Friday/October 17/10/2025 19:30:33] /home/shani/Videos/OBS/Whzxcwh.mp4 | length=385.2 | time=340.56666666667
[Saturday/October 18/10/2025 19:56:05] /home/shani/Videos/OBS/16.10/gemer_svintus1.mp4 | length=2915.8833333333 | time=465.15
[Saturday/October 18/10/2025 20:01:58] /home/shani/Videos/OBS/15.10/domicas0000 - спалил данные.mp4 | length=2343.104 | time=193.1
[Saturday/October 18/10/2025 20:06:44] /home/shani/Videos/OBS/15.10/domicas0000 - спалил данные.mp4 | length=2343.104 | time=848.46666666667
[Saturday/October 18/10/2025 20:14:19] /home/shani/Videos/OBS/senoom_bust.mp4 | length=1108.736 | time=866.45
[Sunday/October 19/10/2025 12:59:36] /home/shani/Videos/OBS/18.10/senoom_bust.mp4 | length=1108.736 | time=0
[Sunday/October 19/10/2025 13:06:27] /home/shani/Videos/OBS/15.10/domicas0000 - спалил данные.mp4 | length=2343.104 | time=195.41666666667
[Sunday/October 19/10/2025 13:06:29] /home/shani/Videos/OBS/18.10/senoom_bust.mp4 | length=1108.736 | time=861.6
[Sunday/October 19/10/2025 14:29:11] /home/shani/Videos/OBS/2025-10-19 14-01-45.mp4 | length=1482.0053333333 | time=1481.9833333333
[Sunday/October 19/10/2025 14:29:15] /home/shani/Videos/OBS/2025-10-19 14-28-32.mp4 | length=36 | time=3.8
[Sunday/October 19/10/2025 14:30:04] /home/shani/Videos/OBS/2025-10-19 14-01-45.mp4 | length=1482.0053333333 | time=56.25
[Monday/October 20/10/2025 14:37:25] /home/shani/Videos/OBS/18.10/_cBEQ_00_00.mp4 | length=128.192 | time=3.6333333333333
[Monday/October 20/10/2025 14:37:28] /home/shani/Videos/OBS/18.10/KnGlMjHdZ.mp4 | length=70.233333333333 | time=1.5
[Monday/October 20/10/2025 14:37:33] /home/shani/Videos/OBS/18.10/_cBEQ_00_00.mp4 | length=128.192 | time=2.9
[Monday/October 20/10/2025 14:37:41] /home/shani/Videos/OBS/18.10/_cBEQ_00_00.mp4 | length=128.192 | time=1.7833333333333
[Monday/October 20/10/2025 14:37:44] /home/shani/Videos/OBS/19.10/OniStoyatDOXUYA
.mp4 | length=92.288 | time=0
